<?xml version="1.0" encoding="UTF-8"?>
<!-- Generated by org.testng.reporters.JUnitXMLReporter -->
<testsuite ignored="0" hostname="MSDT103" failures="0" tests="4" name="Test" time="21.704" errors="0" timestamp="08 Feb 2022 11:41:35 GMT">
  <testcase classname="com.POM.tests.LoginTest" name="chechTitle" time="0.166"/>
  <testcase classname="com.POM.tests.LoginTest" name="forgetpass" time="2.454"/>
  <testcase classname="com.POM.tests.LoginTest" name="loginDetail" time="15.031"/>
  <testcase classname="com.POM.tests.HomeTest" name="clickOnLogOut" time="1.405"/>
</testsuite> <!-- Test -->
