<?xml version="1.0" encoding="UTF-8"?>
<!-- Generated by org.testng.reporters.JUnitXMLReporter -->
<testsuite ignored="2" hostname="MSDT103" failures="0" tests="4" name="Test" time="15.717" errors="0" timestamp="07 Feb 2022 08:02:02 GMT">
  <testcase classname="pages.LoginPage" name="forgetpass" time="1.603"/>
  <testcase classname="pages.LoginPage" name="Login" time="8.072"/>
  <testcase classname="pages.HomePage" name="VerifyPage" time="0.056"/>
  <testcase classname="pages.HomePage" name="Logout" time="2.071"/>
  <testcase classname="driver.Launch_Browser" name="@AfterSuite Close_Browser" time="0.0">
    <ignored/>
  </testcase> <!-- @AfterSuite Close_Browser -->
  <testcase classname="driver.Launch_Browser" name="@BeforeSuite LaunchBrowser" time="0.0">
    <ignored/>
  </testcase> <!-- @BeforeSuite LaunchBrowser -->
</testsuite> <!-- Test -->
