<?xml version="1.0" encoding="UTF-8"?>
<!-- Generated by org.testng.reporters.JUnitXMLReporter -->
<testsuite ignored="0" hostname="MSDT103" failures="0" tests="3" name="Test" time="68.006" errors="0" timestamp="04 Feb 2022 16:23:58 GMT">
  <testcase classname="com.myTest.LoginTest" name="doLoginTest" time="5.97"/>
  <testcase classname="com.myTest.LoginTest" name="doLoginTestWithNativeInput" time="1.747"/>
  <testcase classname="com.myTest.LoginTest" name="doLoginTestWithNativeInput2" time="1.873"/>
</testsuite> <!-- Test -->
