<?xml version="1.0" encoding="UTF-8"?>
<testng-results ignored="0" total="3" passed="3" failed="0" skipped="0">
  <reporter-output>
  </reporter-output>
  <suite started-at="2022-02-04T16:22:50Z" name="Suite" finished-at="2022-02-04T16:23:58Z" duration-ms="68006">
    <groups>
    </groups>
    <test started-at="2022-02-04T16:22:50Z" name="Test" finished-at="2022-02-04T16:23:58Z" duration-ms="68006">
      <class name="com.myTest.LoginTest">
        <test-method is-config="true" signature="setUpTest(java.lang.String)[pri:0, instance:com.myTest.LoginTest@3c407114]" started-at="2022-02-04T16:22:51Z" name="setUpTest" finished-at="2022-02-04T16:23:10Z" duration-ms="18933" status="PASS">
          <params>
            <param index="0">
              <value>
                <![CDATA[chrome]]>
              </value>
            </param>
          </params>
          <reporter-output>
          </reporter-output>
        </test-method> <!-- setUpTest -->
        <test-method signature="doLoginTest()[pri:0, instance:com.myTest.LoginTest@3c407114]" started-at="2022-02-04T16:23:10Z" name="doLoginTest" finished-at="2022-02-04T16:23:16Z" duration-ms="5970" status="PASS">
          <reporter-output>
          </reporter-output>
        </test-method> <!-- doLoginTest -->
        <test-method is-config="true" signature="exitBrowser()[pri:0, instance:com.myTest.LoginTest@3c407114]" started-at="2022-02-04T16:23:16Z" name="exitBrowser" finished-at="2022-02-04T16:23:16Z" duration-ms="145" status="PASS">
          <reporter-output>
          </reporter-output>
        </test-method> <!-- exitBrowser -->
        <test-method is-config="true" signature="setUpTest(java.lang.String)[pri:0, instance:com.myTest.LoginTest@3c407114]" started-at="2022-02-04T16:23:16Z" name="setUpTest" finished-at="2022-02-04T16:23:33Z" duration-ms="17047" status="PASS">
          <params>
            <param index="0">
              <value>
                <![CDATA[chrome]]>
              </value>
            </param>
          </params>
          <reporter-output>
          </reporter-output>
        </test-method> <!-- setUpTest -->
        <test-method signature="doLoginTestWithNativeInput()[pri:0, instance:com.myTest.LoginTest@3c407114]" started-at="2022-02-04T16:23:33Z" name="doLoginTestWithNativeInput" finished-at="2022-02-04T16:23:35Z" duration-ms="1747" status="PASS">
          <reporter-output>
          </reporter-output>
        </test-method> <!-- doLoginTestWithNativeInput -->
        <test-method is-config="true" signature="exitBrowser()[pri:0, instance:com.myTest.LoginTest@3c407114]" started-at="2022-02-04T16:23:35Z" name="exitBrowser" finished-at="2022-02-04T16:23:35Z" duration-ms="161" status="PASS">
          <reporter-output>
          </reporter-output>
        </test-method> <!-- exitBrowser -->
        <test-method is-config="true" signature="setUpTest(java.lang.String)[pri:0, instance:com.myTest.LoginTest@3c407114]" started-at="2022-02-04T16:23:35Z" name="setUpTest" finished-at="2022-02-04T16:23:56Z" duration-ms="21599" status="PASS">
          <params>
            <param index="0">
              <value>
                <![CDATA[chrome]]>
              </value>
            </param>
          </params>
          <reporter-output>
          </reporter-output>
        </test-method> <!-- setUpTest -->
        <test-method signature="doLoginTestWithNativeInput2()[pri:1, instance:com.myTest.LoginTest@3c407114]" started-at="2022-02-04T16:23:56Z" name="doLoginTestWithNativeInput2" finished-at="2022-02-04T16:23:58Z" duration-ms="1873" status="PASS">
          <reporter-output>
          </reporter-output>
        </test-method> <!-- doLoginTestWithNativeInput2 -->
        <test-method is-config="true" signature="exitBrowser()[pri:0, instance:com.myTest.LoginTest@3c407114]" started-at="2022-02-04T16:23:58Z" name="exitBrowser" finished-at="2022-02-04T16:23:58Z" duration-ms="135" status="PASS">
          <reporter-output>
          </reporter-output>
        </test-method> <!-- exitBrowser -->
      </class> <!-- com.myTest.LoginTest -->
    </test> <!-- Test -->
  </suite> <!-- Suite -->
</testng-results>
