<?xml version="1.0" encoding="UTF-8"?>
<testng-results ignored="0" total="4" passed="4" failed="0" skipped="0">
  <reporter-output>
  </reporter-output>
  <suite started-at="2022-02-08T11:41:13Z" name="Suite" finished-at="2022-02-08T11:41:35Z" duration-ms="21704">
    <groups>
    </groups>
    <test started-at="2022-02-08T11:41:13Z" name="Test" finished-at="2022-02-08T11:41:35Z" duration-ms="21704">
      <class name="com.POM.tests.HomeTest">
        <test-method signature="clickOnLogOut()[pri:0, instance:com.POM.tests.HomeTest@14dd7b39]" started-at="2022-02-08T11:41:34Z" name="clickOnLogOut" finished-at="2022-02-08T11:41:35Z" duration-ms="1405" status="PASS">
          <reporter-output>
          </reporter-output>
        </test-method> <!-- clickOnLogOut -->
      </class> <!-- com.POM.tests.HomeTest -->
      <class name="com.POM.tests.LoginTest">
        <test-method is-config="true" signature="launch()[pri:0, instance:com.POM.tests.LoginTest@2d0399f4]" started-at="2022-02-08T11:40:52Z" name="launch" finished-at="2022-02-08T11:41:13Z" duration-ms="21117" status="PASS">
          <reporter-output>
          </reporter-output>
        </test-method> <!-- launch -->
        <test-method signature="chechTitle()[pri:0, instance:com.POM.tests.LoginTest@2d0399f4]" started-at="2022-02-08T11:41:16Z" name="chechTitle" finished-at="2022-02-08T11:41:16Z" duration-ms="166" status="PASS">
          <reporter-output>
          </reporter-output>
        </test-method> <!-- chechTitle -->
        <test-method signature="forgetpass()[pri:0, instance:com.POM.tests.LoginTest@2d0399f4]" started-at="2022-02-08T11:41:16Z" name="forgetpass" finished-at="2022-02-08T11:41:19Z" duration-ms="2454" status="PASS">
          <reporter-output>
          </reporter-output>
        </test-method> <!-- forgetpass -->
        <test-method signature="loginDetail()[pri:0, instance:com.POM.tests.LoginTest@2d0399f4]" started-at="2022-02-08T11:41:19Z" name="loginDetail" finished-at="2022-02-08T11:41:34Z" duration-ms="15031" status="PASS">
          <reporter-output>
          </reporter-output>
        </test-method> <!-- loginDetail -->
      </class> <!-- com.POM.tests.LoginTest -->
    </test> <!-- Test -->
  </suite> <!-- Suite -->
</testng-results>
